<?xml version="1.0" encoding="UTF-8"?>
<!-- Generated by org.testng.reporters.JUnitReportReporter -->
<testsuite hostname="LAPTOP-SQU8MQNL" failures="0" tests="2" name="cucumber.TestNGTestRunner" time="66.069" errors="0" timestamp="2022-10-29T09:59:33 IST" skipped="0">
  <testcase classname="cucumber.TestNGTestRunner" name="runScenario" time="32.564"/>
  <system-out/>
  <testcase classname="cucumber.TestNGTestRunner" name="runScenario" time="33.505"/>
  <system-out/>
</testsuite> <!-- cucumber.TestNGTestRunner -->
