<?xml version="1.0" encoding="UTF-8"?>
<!-- Generated by org.testng.reporters.JUnitReportReporter -->
<testsuite hostname="LAPTOP-SQU8MQNL" failures="0" tests="1" name="rahulshettyacademy.Tests.StandAloneTest2" time="33.214" errors="0" timestamp="2022-10-21T19:25:47 IST" skipped="0">
  <testcase classname="rahulshettyacademy.Tests.StandAloneTest2" name="submitOrder" time="33.214"/>
  <system-out/>
</testsuite> <!-- rahulshettyacademy.Tests.StandAloneTest2 -->
