<?xml version="1.0" encoding="UTF-8"?>
<!-- Generated by org.testng.reporters.JUnitReportReporter -->
<testsuite hostname="LAPTOP-SQU8MQNL" failures="0" tests="3" name="rahulshettyacademy.Tests.SubmitOrderTest3" time="85.843" errors="0" timestamp="2022-10-30T12:14:23 IST" skipped="0">
  <testcase classname="rahulshettyacademy.Tests.SubmitOrderTest3" name="submitOrder" time="33.451"/>
  <system-out/>
  <testcase classname="rahulshettyacademy.Tests.SubmitOrderTest3" name="submitOrder" time="32.074"/>
  <system-out/>
  <testcase classname="rahulshettyacademy.Tests.SubmitOrderTest3" name="OrderHistoryTest" time="20.318"/>
  <system-out/>
</testsuite> <!-- rahulshettyacademy.Tests.SubmitOrderTest3 -->
