<?xml version="1.0" encoding="UTF-8"?>
<!-- Generated by org.testng.reporters.JUnitReportReporter -->
<testsuite hostname="LAPTOP-SQU8MQNL" failures="0" tests="3" name="rahulshettyacademy.Tests.SubmitOrderTest2" time="41.081" errors="0" timestamp="2022-10-23T11:45:24 IST" skipped="0">
  <testcase classname="rahulshettyacademy.Tests.SubmitOrderTest2" name="submitOrder" time="20.813"/>
  <system-out/>
  <testcase classname="rahulshettyacademy.Tests.SubmitOrderTest2" name="submitOrder" time="16.058"/>
  <system-out/>
  <testcase classname="rahulshettyacademy.Tests.SubmitOrderTest2" name="OrderHistoryTest" time="4.210"/>
  <system-out/>
</testsuite> <!-- rahulshettyacademy.Tests.SubmitOrderTest2 -->
